14:54:00.697 [Restlet-386041791] ERROR polimi.deib.rsp_service4csparql_server.observer.utilities.Observer4HTTP - error while creating URI
java.net.URISyntaxException: Illegal character in scheme name at index 4: body=http://localhost:3000/
	at java.net.URI$Parser.fail(URI.java:2829) ~[na:1.7.0_45]
	at java.net.URI$Parser.checkChars(URI.java:3002) ~[na:1.7.0_45]
	at java.net.URI$Parser.parse(URI.java:3029) ~[na:1.7.0_45]
	at java.net.URI.<init>(URI.java:595) ~[na:1.7.0_45]
	at polimi.deib.rsp_service4csparql_server.observer.utilities.Observer4HTTP.<init>(Observer4HTTP.java:66) ~[rsp-services-csparql-0.3.2.3.jar:na]
	at polimi.deib.rsp_service4csparql_server.query.SingleQueryDataServer.changeQueryStatus(SingleQueryDataServer.java:244) [rsp-services-csparql-0.3.2.3.jar:na]
	at sun.reflect.NativeMethodAccessorImpl.invoke0(Native Method) ~[na:1.7.0_45]
	at sun.reflect.NativeMethodAccessorImpl.invoke(NativeMethodAccessorImpl.java:57) ~[na:1.7.0_45]
	at sun.reflect.DelegatingMethodAccessorImpl.invoke(DelegatingMethodAccessorImpl.java:43) ~[na:1.7.0_45]
	at java.lang.reflect.Method.invoke(Method.java:606) ~[na:1.7.0_45]
	at org.restlet.resource.ServerResource.doHandle(ServerResource.java:503) [org.restlet-2.1.2.jar:na]
	at org.restlet.resource.ServerResource.doHandle(ServerResource.java:552) [org.restlet-2.1.2.jar:na]
	at org.restlet.resource.ServerResource.post(ServerResource.java:1186) [org.restlet-2.1.2.jar:na]
	at org.restlet.resource.ServerResource.doHandle(ServerResource.java:437) [org.restlet-2.1.2.jar:na]
	at org.restlet.resource.ServerResource.doNegotiatedHandle(ServerResource.java:653) [org.restlet-2.1.2.jar:na]
	at org.restlet.resource.ServerResource.doConditionalHandle(ServerResource.java:348) [org.restlet-2.1.2.jar:na]
	at org.restlet.resource.ServerResource.handle(ServerResource.java:952) [org.restlet-2.1.2.jar:na]
	at org.restlet.resource.Finder.handle(Finder.java:246) [org.restlet-2.1.2.jar:na]
	at org.restlet.routing.Filter.doHandle(Filter.java:159) [org.restlet-2.1.2.jar:na]
	at org.restlet.routing.Filter.handle(Filter.java:206) [org.restlet-2.1.2.jar:na]
	at org.restlet.routing.Router.doHandle(Router.java:431) [org.restlet-2.1.2.jar:na]
	at org.restlet.routing.Router.handle(Router.java:648) [org.restlet-2.1.2.jar:na]
	at org.restlet.routing.Filter.doHandle(Filter.java:159) [org.restlet-2.1.2.jar:na]
	at org.restlet.routing.Filter.handle(Filter.java:206) [org.restlet-2.1.2.jar:na]
	at org.restlet.routing.Filter.doHandle(Filter.java:159) [org.restlet-2.1.2.jar:na]
	at org.restlet.routing.Filter.handle(Filter.java:206) [org.restlet-2.1.2.jar:na]
	at org.restlet.routing.Filter.doHandle(Filter.java:159) [org.restlet-2.1.2.jar:na]
	at org.restlet.engine.application.StatusFilter.doHandle(StatusFilter.java:155) [org.restlet-2.1.2.jar:na]
	at org.restlet.routing.Filter.handle(Filter.java:206) [org.restlet-2.1.2.jar:na]
	at org.restlet.routing.Filter.doHandle(Filter.java:159) [org.restlet-2.1.2.jar:na]
	at org.restlet.routing.Filter.handle(Filter.java:206) [org.restlet-2.1.2.jar:na]
	at org.restlet.engine.CompositeHelper.handle(CompositeHelper.java:211) [org.restlet-2.1.2.jar:na]
	at org.restlet.engine.application.ApplicationHelper.handle(ApplicationHelper.java:84) [org.restlet-2.1.2.jar:na]
	at org.restlet.Application.handle(Application.java:381) [org.restlet-2.1.2.jar:na]
	at org.restlet.routing.Filter.doHandle(Filter.java:159) [org.restlet-2.1.2.jar:na]
	at org.restlet.routing.Filter.handle(Filter.java:206) [org.restlet-2.1.2.jar:na]
	at org.restlet.routing.Router.doHandle(Router.java:431) [org.restlet-2.1.2.jar:na]
	at org.restlet.routing.Router.handle(Router.java:648) [org.restlet-2.1.2.jar:na]
	at org.restlet.routing.Filter.doHandle(Filter.java:159) [org.restlet-2.1.2.jar:na]
	at org.restlet.routing.Filter.handle(Filter.java:206) [org.restlet-2.1.2.jar:na]
	at org.restlet.routing.Router.doHandle(Router.java:431) [org.restlet-2.1.2.jar:na]
	at org.restlet.routing.Router.handle(Router.java:648) [org.restlet-2.1.2.jar:na]
	at org.restlet.routing.Filter.doHandle(Filter.java:159) [org.restlet-2.1.2.jar:na]
	at org.restlet.engine.application.StatusFilter.doHandle(StatusFilter.java:155) [org.restlet-2.1.2.jar:na]
	at org.restlet.routing.Filter.handle(Filter.java:206) [org.restlet-2.1.2.jar:na]
	at org.restlet.routing.Filter.doHandle(Filter.java:159) [org.restlet-2.1.2.jar:na]
	at org.restlet.routing.Filter.handle(Filter.java:206) [org.restlet-2.1.2.jar:na]
	at org.restlet.engine.CompositeHelper.handle(CompositeHelper.java:211) [org.restlet-2.1.2.jar:na]
	at org.restlet.Component.handle(Component.java:392) [org.restlet-2.1.2.jar:na]
	at org.restlet.Server.handle(Server.java:516) [org.restlet-2.1.2.jar:na]
	at org.restlet.engine.connector.ServerConnectionHelper.handle(ServerConnectionHelper.java:257) [org.restlet-2.1.2.jar:na]
	at org.restlet.engine.connector.ServerConnectionHelper.doHandleInbound(ServerConnectionHelper.java:186) [org.restlet-2.1.2.jar:na]
	at org.restlet.engine.connector.BaseHelper$2.run(BaseHelper.java:593) [org.restlet-2.1.2.jar:na]
	at java.util.concurrent.ThreadPoolExecutor.runWorker(ThreadPoolExecutor.java:1145) [na:1.7.0_45]
	at java.util.concurrent.ThreadPoolExecutor$Worker.run(ThreadPoolExecutor.java:615) [na:1.7.0_45]
	at java.lang.Thread.run(Thread.java:744) [na:1.7.0_45]
14:55:22.495 [Restlet-386041791] ERROR polimi.deib.rsp_service4csparql_server.observer.utilities.Observer4HTTP - error while creating URI
java.net.URISyntaxException: Illegal character in scheme name at index 4: body=http://localhost:8177/http2sysout
	at java.net.URI$Parser.fail(URI.java:2829) ~[na:1.7.0_45]
	at java.net.URI$Parser.checkChars(URI.java:3002) ~[na:1.7.0_45]
	at java.net.URI$Parser.parse(URI.java:3029) ~[na:1.7.0_45]
	at java.net.URI.<init>(URI.java:595) ~[na:1.7.0_45]
	at polimi.deib.rsp_service4csparql_server.observer.utilities.Observer4HTTP.<init>(Observer4HTTP.java:66) ~[rsp-services-csparql-0.3.2.3.jar:na]
	at polimi.deib.rsp_service4csparql_server.query.SingleQueryDataServer.changeQueryStatus(SingleQueryDataServer.java:244) [rsp-services-csparql-0.3.2.3.jar:na]
	at sun.reflect.NativeMethodAccessorImpl.invoke0(Native Method) ~[na:1.7.0_45]
	at sun.reflect.NativeMethodAccessorImpl.invoke(NativeMethodAccessorImpl.java:57) ~[na:1.7.0_45]
	at sun.reflect.DelegatingMethodAccessorImpl.invoke(DelegatingMethodAccessorImpl.java:43) ~[na:1.7.0_45]
	at java.lang.reflect.Method.invoke(Method.java:606) ~[na:1.7.0_45]
	at org.restlet.resource.ServerResource.doHandle(ServerResource.java:503) [org.restlet-2.1.2.jar:na]
	at org.restlet.resource.ServerResource.doHandle(ServerResource.java:552) [org.restlet-2.1.2.jar:na]
	at org.restlet.resource.ServerResource.post(ServerResource.java:1186) [org.restlet-2.1.2.jar:na]
	at org.restlet.resource.ServerResource.doHandle(ServerResource.java:437) [org.restlet-2.1.2.jar:na]
	at org.restlet.resource.ServerResource.doNegotiatedHandle(ServerResource.java:653) [org.restlet-2.1.2.jar:na]
	at org.restlet.resource.ServerResource.doConditionalHandle(ServerResource.java:348) [org.restlet-2.1.2.jar:na]
	at org.restlet.resource.ServerResource.handle(ServerResource.java:952) [org.restlet-2.1.2.jar:na]
	at org.restlet.resource.Finder.handle(Finder.java:246) [org.restlet-2.1.2.jar:na]
	at org.restlet.routing.Filter.doHandle(Filter.java:159) [org.restlet-2.1.2.jar:na]
	at org.restlet.routing.Filter.handle(Filter.java:206) [org.restlet-2.1.2.jar:na]
	at org.restlet.routing.Router.doHandle(Router.java:431) [org.restlet-2.1.2.jar:na]
	at org.restlet.routing.Router.handle(Router.java:648) [org.restlet-2.1.2.jar:na]
	at org.restlet.routing.Filter.doHandle(Filter.java:159) [org.restlet-2.1.2.jar:na]
	at org.restlet.routing.Filter.handle(Filter.java:206) [org.restlet-2.1.2.jar:na]
	at org.restlet.routing.Filter.doHandle(Filter.java:159) [org.restlet-2.1.2.jar:na]
	at org.restlet.routing.Filter.handle(Filter.java:206) [org.restlet-2.1.2.jar:na]
	at org.restlet.routing.Filter.doHandle(Filter.java:159) [org.restlet-2.1.2.jar:na]
	at org.restlet.engine.application.StatusFilter.doHandle(StatusFilter.java:155) [org.restlet-2.1.2.jar:na]
	at org.restlet.routing.Filter.handle(Filter.java:206) [org.restlet-2.1.2.jar:na]
	at org.restlet.routing.Filter.doHandle(Filter.java:159) [org.restlet-2.1.2.jar:na]
	at org.restlet.routing.Filter.handle(Filter.java:206) [org.restlet-2.1.2.jar:na]
	at org.restlet.engine.CompositeHelper.handle(CompositeHelper.java:211) [org.restlet-2.1.2.jar:na]
	at org.restlet.engine.application.ApplicationHelper.handle(ApplicationHelper.java:84) [org.restlet-2.1.2.jar:na]
	at org.restlet.Application.handle(Application.java:381) [org.restlet-2.1.2.jar:na]
	at org.restlet.routing.Filter.doHandle(Filter.java:159) [org.restlet-2.1.2.jar:na]
	at org.restlet.routing.Filter.handle(Filter.java:206) [org.restlet-2.1.2.jar:na]
	at org.restlet.routing.Router.doHandle(Router.java:431) [org.restlet-2.1.2.jar:na]
	at org.restlet.routing.Router.handle(Router.java:648) [org.restlet-2.1.2.jar:na]
	at org.restlet.routing.Filter.doHandle(Filter.java:159) [org.restlet-2.1.2.jar:na]
	at org.restlet.routing.Filter.handle(Filter.java:206) [org.restlet-2.1.2.jar:na]
	at org.restlet.routing.Router.doHandle(Router.java:431) [org.restlet-2.1.2.jar:na]
	at org.restlet.routing.Router.handle(Router.java:648) [org.restlet-2.1.2.jar:na]
	at org.restlet.routing.Filter.doHandle(Filter.java:159) [org.restlet-2.1.2.jar:na]
	at org.restlet.engine.application.StatusFilter.doHandle(StatusFilter.java:155) [org.restlet-2.1.2.jar:na]
	at org.restlet.routing.Filter.handle(Filter.java:206) [org.restlet-2.1.2.jar:na]
	at org.restlet.routing.Filter.doHandle(Filter.java:159) [org.restlet-2.1.2.jar:na]
	at org.restlet.routing.Filter.handle(Filter.java:206) [org.restlet-2.1.2.jar:na]
	at org.restlet.engine.CompositeHelper.handle(CompositeHelper.java:211) [org.restlet-2.1.2.jar:na]
	at org.restlet.Component.handle(Component.java:392) [org.restlet-2.1.2.jar:na]
	at org.restlet.Server.handle(Server.java:516) [org.restlet-2.1.2.jar:na]
	at org.restlet.engine.connector.ServerConnectionHelper.handle(ServerConnectionHelper.java:257) [org.restlet-2.1.2.jar:na]
	at org.restlet.engine.connector.ServerConnectionHelper.doHandleInbound(ServerConnectionHelper.java:186) [org.restlet-2.1.2.jar:na]
	at org.restlet.engine.connector.BaseHelper$2.run(BaseHelper.java:593) [org.restlet-2.1.2.jar:na]
	at java.util.concurrent.ThreadPoolExecutor.runWorker(ThreadPoolExecutor.java:1145) [na:1.7.0_45]
	at java.util.concurrent.ThreadPoolExecutor$Worker.run(ThreadPoolExecutor.java:615) [na:1.7.0_45]
	at java.lang.Thread.run(Thread.java:744) [na:1.7.0_45]
15:05:09.831 [com.espertech.esper.Timer-default-1] ERROR polimi.deib.rsp_service4csparql_server.observer.utilities.Observer4HTTP - error during IO operation
org.apache.http.NoHttpResponseException: The target server failed to respond
	at org.apache.http.impl.conn.DefaultHttpResponseParser.parseHead(DefaultHttpResponseParser.java:95) ~[httpclient-4.2.3.jar:4.2.3]
	at org.apache.http.impl.conn.DefaultHttpResponseParser.parseHead(DefaultHttpResponseParser.java:62) ~[httpclient-4.2.3.jar:4.2.3]
	at org.apache.http.impl.io.AbstractMessageParser.parse(AbstractMessageParser.java:254) ~[httpcore-4.2.2.jar:4.2.2]
	at org.apache.http.impl.AbstractHttpClientConnection.receiveResponseHeader(AbstractHttpClientConnection.java:289) ~[httpcore-4.2.2.jar:4.2.2]
	at org.apache.http.impl.conn.DefaultClientConnection.receiveResponseHeader(DefaultClientConnection.java:252) ~[httpclient-4.2.3.jar:4.2.3]
	at org.apache.http.impl.conn.ManagedClientConnectionImpl.receiveResponseHeader(ManagedClientConnectionImpl.java:191) ~[httpclient-4.2.3.jar:4.2.3]
	at org.apache.http.protocol.HttpRequestExecutor.doReceiveResponse(HttpRequestExecutor.java:300) ~[httpcore-4.2.2.jar:4.2.2]
	at org.apache.http.protocol.HttpRequestExecutor.execute(HttpRequestExecutor.java:127) ~[httpcore-4.2.2.jar:4.2.2]
	at org.apache.http.impl.client.DefaultRequestDirector.tryExecute(DefaultRequestDirector.java:717) ~[httpclient-4.2.3.jar:4.2.3]
	at org.apache.http.impl.client.DefaultRequestDirector.execute(DefaultRequestDirector.java:522) ~[httpclient-4.2.3.jar:4.2.3]
	at org.apache.http.impl.client.AbstractHttpClient.execute(AbstractHttpClient.java:906) ~[httpclient-4.2.3.jar:4.2.3]
	at org.apache.http.impl.client.AbstractHttpClient.execute(AbstractHttpClient.java:805) ~[httpclient-4.2.3.jar:4.2.3]
	at org.apache.http.impl.client.AbstractHttpClient.execute(AbstractHttpClient.java:784) ~[httpclient-4.2.3.jar:4.2.3]
	at polimi.deib.rsp_service4csparql_server.observer.utilities.Observer4HTTP.update(Observer4HTTP.java:84) [rsp-services-csparql-0.3.2.3.jar:na]
	at polimi.deib.rsp_service4csparql_server.observer.utilities.Observer4HTTP.update(Observer4HTTP.java:44) [rsp-services-csparql-0.3.2.3.jar:na]
	at eu.larkc.csparql.common.streams.format.GenericObservable.notifyObservers(GenericObservable.java:54) [csparql-common-0.9.1.jar:na]
	at eu.larkc.csparql.core.engine.CsparqlEngineImpl.notifySubscribers(CsparqlEngineImpl.java:334) [csparql-core-0.9.1.jar:na]
	at eu.larkc.csparql.core.engine.CsparqlEngineImpl.update(CsparqlEngineImpl.java:308) [csparql-core-0.9.1.jar:na]
	at eu.larkc.csparql.core.engine.CsparqlEngineImpl.update(CsparqlEngineImpl.java:59) [csparql-core-0.9.1.jar:na]
	at eu.larkc.csparql.common.streams.format.GenericObservable.notifyObservers(GenericObservable.java:54) [csparql-common-0.9.1.jar:na]
	at eu.larkc.csparql.cep.esper.QueryListener.update(QueryListener.java:65) [csparql-cep-esper-0.9.1.jar:na]
	at com.espertech.esper.core.StatementResultServiceImpl.dispatchInternal(StatementResultServiceImpl.java:359) [esper-3.5.0.jar:na]
	at com.espertech.esper.core.StatementResultServiceImpl.processDispatch(StatementResultServiceImpl.java:243) [esper-3.5.0.jar:na]
	at com.espertech.esper.core.StatementResultServiceImpl.execute(StatementResultServiceImpl.java:229) [esper-3.5.0.jar:na]
	at com.espertech.esper.core.UpdateDispatchViewBase.execute(UpdateDispatchViewBase.java:75) [esper-3.5.0.jar:na]
	at com.espertech.esper.core.UpdateDispatchFutureSpin.execute(UpdateDispatchFutureSpin.java:85) [esper-3.5.0.jar:na]
	at com.espertech.esper.dispatch.DispatchServiceImpl.dispatchFromQueue(DispatchServiceImpl.java:57) [esper-3.5.0.jar:na]
	at com.espertech.esper.dispatch.DispatchServiceImpl.dispatch(DispatchServiceImpl.java:31) [esper-3.5.0.jar:na]
	at com.espertech.esper.core.EPRuntimeImpl.dispatch(EPRuntimeImpl.java:1076) [esper-3.5.0.jar:na]
	at com.espertech.esper.core.EPRuntimeImpl.processTimeEvent(EPRuntimeImpl.java:476) [esper-3.5.0.jar:na]
	at com.espertech.esper.core.EPRuntimeImpl.processEvent(EPRuntimeImpl.java:376) [esper-3.5.0.jar:na]
	at com.espertech.esper.core.EPRuntimeImpl.sendEvent(EPRuntimeImpl.java:211) [esper-3.5.0.jar:na]
	at com.espertech.esper.core.EPRuntimeImpl.timerCallback(EPRuntimeImpl.java:185) [esper-3.5.0.jar:na]
	at com.espertech.esper.timer.EPLTimerTask.run(EPLTimerTask.java:61) [esper-3.5.0.jar:na]
	at java.util.concurrent.Executors$RunnableAdapter.call(Executors.java:471) [na:1.7.0_45]
	at java.util.concurrent.FutureTask.runAndReset(FutureTask.java:304) [na:1.7.0_45]
	at java.util.concurrent.ScheduledThreadPoolExecutor$ScheduledFutureTask.access$301(ScheduledThreadPoolExecutor.java:178) [na:1.7.0_45]
	at java.util.concurrent.ScheduledThreadPoolExecutor$ScheduledFutureTask.run(ScheduledThreadPoolExecutor.java:293) [na:1.7.0_45]
	at java.util.concurrent.ThreadPoolExecutor.runWorker(ThreadPoolExecutor.java:1145) [na:1.7.0_45]
	at java.util.concurrent.ThreadPoolExecutor$Worker.run(ThreadPoolExecutor.java:615) [na:1.7.0_45]
	at java.lang.Thread.run(Thread.java:744) [na:1.7.0_45]
15:05:09.849 [com.espertech.esper.Timer-default-1] ERROR polimi.deib.rsp_service4csparql_server.observer.utilities.Observer4HTTP - Connection to http://localhost:3000/ refused
15:06:00.712 [com.espertech.esper.Timer-default-1] ERROR polimi.deib.rsp_service4csparql_server.observer.utilities.Observer4HTTP - error during IO operation
org.apache.http.NoHttpResponseException: The target server failed to respond
	at org.apache.http.impl.conn.DefaultHttpResponseParser.parseHead(DefaultHttpResponseParser.java:95) ~[httpclient-4.2.3.jar:4.2.3]
	at org.apache.http.impl.conn.DefaultHttpResponseParser.parseHead(DefaultHttpResponseParser.java:62) ~[httpclient-4.2.3.jar:4.2.3]
	at org.apache.http.impl.io.AbstractMessageParser.parse(AbstractMessageParser.java:254) ~[httpcore-4.2.2.jar:4.2.2]
	at org.apache.http.impl.AbstractHttpClientConnection.receiveResponseHeader(AbstractHttpClientConnection.java:289) ~[httpcore-4.2.2.jar:4.2.2]
	at org.apache.http.impl.conn.DefaultClientConnection.receiveResponseHeader(DefaultClientConnection.java:252) ~[httpclient-4.2.3.jar:4.2.3]
	at org.apache.http.impl.conn.ManagedClientConnectionImpl.receiveResponseHeader(ManagedClientConnectionImpl.java:191) ~[httpclient-4.2.3.jar:4.2.3]
	at org.apache.http.protocol.HttpRequestExecutor.doReceiveResponse(HttpRequestExecutor.java:300) ~[httpcore-4.2.2.jar:4.2.2]
	at org.apache.http.protocol.HttpRequestExecutor.execute(HttpRequestExecutor.java:127) ~[httpcore-4.2.2.jar:4.2.2]
	at org.apache.http.impl.client.DefaultRequestDirector.tryExecute(DefaultRequestDirector.java:717) ~[httpclient-4.2.3.jar:4.2.3]
	at org.apache.http.impl.client.DefaultRequestDirector.execute(DefaultRequestDirector.java:522) ~[httpclient-4.2.3.jar:4.2.3]
	at org.apache.http.impl.client.AbstractHttpClient.execute(AbstractHttpClient.java:906) ~[httpclient-4.2.3.jar:4.2.3]
	at org.apache.http.impl.client.AbstractHttpClient.execute(AbstractHttpClient.java:805) ~[httpclient-4.2.3.jar:4.2.3]
	at org.apache.http.impl.client.AbstractHttpClient.execute(AbstractHttpClient.java:784) ~[httpclient-4.2.3.jar:4.2.3]
	at polimi.deib.rsp_service4csparql_server.observer.utilities.Observer4HTTP.update(Observer4HTTP.java:84) [rsp-services-csparql-0.3.2.3.jar:na]
	at polimi.deib.rsp_service4csparql_server.observer.utilities.Observer4HTTP.update(Observer4HTTP.java:44) [rsp-services-csparql-0.3.2.3.jar:na]
	at eu.larkc.csparql.common.streams.format.GenericObservable.notifyObservers(GenericObservable.java:54) [csparql-common-0.9.1.jar:na]
	at eu.larkc.csparql.core.engine.CsparqlEngineImpl.notifySubscribers(CsparqlEngineImpl.java:334) [csparql-core-0.9.1.jar:na]
	at eu.larkc.csparql.core.engine.CsparqlEngineImpl.update(CsparqlEngineImpl.java:308) [csparql-core-0.9.1.jar:na]
	at eu.larkc.csparql.core.engine.CsparqlEngineImpl.update(CsparqlEngineImpl.java:59) [csparql-core-0.9.1.jar:na]
	at eu.larkc.csparql.common.streams.format.GenericObservable.notifyObservers(GenericObservable.java:54) [csparql-common-0.9.1.jar:na]
	at eu.larkc.csparql.cep.esper.QueryListener.update(QueryListener.java:65) [csparql-cep-esper-0.9.1.jar:na]
	at com.espertech.esper.core.StatementResultServiceImpl.dispatchInternal(StatementResultServiceImpl.java:359) [esper-3.5.0.jar:na]
	at com.espertech.esper.core.StatementResultServiceImpl.processDispatch(StatementResultServiceImpl.java:243) [esper-3.5.0.jar:na]
	at com.espertech.esper.core.StatementResultServiceImpl.execute(StatementResultServiceImpl.java:229) [esper-3.5.0.jar:na]
	at com.espertech.esper.core.UpdateDispatchViewBase.execute(UpdateDispatchViewBase.java:75) [esper-3.5.0.jar:na]
	at com.espertech.esper.core.UpdateDispatchFutureSpin.execute(UpdateDispatchFutureSpin.java:85) [esper-3.5.0.jar:na]
	at com.espertech.esper.dispatch.DispatchServiceImpl.dispatchFromQueue(DispatchServiceImpl.java:57) [esper-3.5.0.jar:na]
	at com.espertech.esper.dispatch.DispatchServiceImpl.dispatch(DispatchServiceImpl.java:31) [esper-3.5.0.jar:na]
	at com.espertech.esper.core.EPRuntimeImpl.dispatch(EPRuntimeImpl.java:1076) [esper-3.5.0.jar:na]
	at com.espertech.esper.core.EPRuntimeImpl.processTimeEvent(EPRuntimeImpl.java:476) [esper-3.5.0.jar:na]
	at com.espertech.esper.core.EPRuntimeImpl.processEvent(EPRuntimeImpl.java:376) [esper-3.5.0.jar:na]
	at com.espertech.esper.core.EPRuntimeImpl.sendEvent(EPRuntimeImpl.java:211) [esper-3.5.0.jar:na]
	at com.espertech.esper.core.EPRuntimeImpl.timerCallback(EPRuntimeImpl.java:185) [esper-3.5.0.jar:na]
	at com.espertech.esper.timer.EPLTimerTask.run(EPLTimerTask.java:61) [esper-3.5.0.jar:na]
	at java.util.concurrent.Executors$RunnableAdapter.call(Executors.java:471) [na:1.7.0_45]
	at java.util.concurrent.FutureTask.runAndReset(FutureTask.java:304) [na:1.7.0_45]
	at java.util.concurrent.ScheduledThreadPoolExecutor$ScheduledFutureTask.access$301(ScheduledThreadPoolExecutor.java:178) [na:1.7.0_45]
	at java.util.concurrent.ScheduledThreadPoolExecutor$ScheduledFutureTask.run(ScheduledThreadPoolExecutor.java:293) [na:1.7.0_45]
	at java.util.concurrent.ThreadPoolExecutor.runWorker(ThreadPoolExecutor.java:1145) [na:1.7.0_45]
	at java.util.concurrent.ThreadPoolExecutor$Worker.run(ThreadPoolExecutor.java:615) [na:1.7.0_45]
	at java.lang.Thread.run(Thread.java:744) [na:1.7.0_45]
15:06:00.733 [com.espertech.esper.Timer-default-1] ERROR polimi.deib.rsp_service4csparql_server.observer.utilities.Observer4HTTP - Connection to http://localhost:3000/ refused
15:06:09.512 [com.espertech.esper.Timer-default-1] ERROR polimi.deib.rsp_service4csparql_server.observer.utilities.Observer4HTTP - Connection to http://localhost:3000/ refused
15:06:19.511 [com.espertech.esper.Timer-default-1] ERROR polimi.deib.rsp_service4csparql_server.observer.utilities.Observer4HTTP - Connection to http://localhost:3000/ refused
15:06:29.508 [com.espertech.esper.Timer-default-1] ERROR polimi.deib.rsp_service4csparql_server.observer.utilities.Observer4HTTP - Connection to http://localhost:3000/ refused
15:06:39.511 [com.espertech.esper.Timer-default-1] ERROR polimi.deib.rsp_service4csparql_server.observer.utilities.Observer4HTTP - Connection to http://localhost:3000/ refused
15:19:09.634 [com.espertech.esper.Timer-default-1] ERROR polimi.deib.rsp_service4csparql_server.observer.utilities.Observer4HTTP - Connection to http://localhost:3000/ refused
15:19:19.633 [com.espertech.esper.Timer-default-1] ERROR polimi.deib.rsp_service4csparql_server.observer.utilities.Observer4HTTP - Connection to http://localhost:3000/ refused
15:19:29.732 [com.espertech.esper.Timer-default-1] ERROR polimi.deib.rsp_service4csparql_server.observer.utilities.Observer4HTTP - Connection to http://localhost:3000/ refused
15:19:39.633 [com.espertech.esper.Timer-default-1] ERROR polimi.deib.rsp_service4csparql_server.observer.utilities.Observer4HTTP - Connection to http://localhost:3000/ refused
15:30:49.631 [com.espertech.esper.Timer-default-1] ERROR polimi.deib.rsp_service4csparql_server.observer.utilities.Observer4HTTP - Connection to http://localhost:3000/ refused
15:31:09.728 [com.espertech.esper.Timer-default-1] ERROR polimi.deib.rsp_service4csparql_server.observer.utilities.Observer4HTTP - Connection to http://localhost:3000/ refused
15:31:19.630 [com.espertech.esper.Timer-default-1] ERROR polimi.deib.rsp_service4csparql_server.observer.utilities.Observer4HTTP - Connection to http://localhost:3000/ refused
15:32:29.632 [com.espertech.esper.Timer-default-1] ERROR polimi.deib.rsp_service4csparql_server.observer.utilities.Observer4HTTP - Connection to http://localhost:3000/ refused
15:32:39.631 [com.espertech.esper.Timer-default-1] ERROR polimi.deib.rsp_service4csparql_server.observer.utilities.Observer4HTTP - Connection to http://localhost:3000/ refused
10:04:10.770 [com.espertech.esper.Timer-default-1] ERROR polimi.deib.rsp_service4csparql_server.observer.utilities.Observer4HTTP - Connection to http://localhost:3000/ refused
10:04:20.289 [com.espertech.esper.Timer-default-1] ERROR polimi.deib.rsp_service4csparql_server.observer.utilities.Observer4HTTP - Connection to http://localhost:3000/ refused
10:04:30.290 [com.espertech.esper.Timer-default-1] ERROR polimi.deib.rsp_service4csparql_server.observer.utilities.Observer4HTTP - Connection to http://localhost:3000/ refused
10:04:40.292 [com.espertech.esper.Timer-default-1] ERROR polimi.deib.rsp_service4csparql_server.observer.utilities.Observer4HTTP - Connection to http://localhost:3000/ refused
10:04:50.289 [com.espertech.esper.Timer-default-1] ERROR polimi.deib.rsp_service4csparql_server.observer.utilities.Observer4HTTP - Connection to http://localhost:3000/ refused
22:26:49.145 [Restlet-311917274] ERROR polimi.deib.rsp_service4csparql_server.stream.SingleStreamDataServer - Error while changing status of a stream
java.lang.NullPointerException: null
	at polimi.deib.rsp_service4csparql_server.stream.SingleStreamDataServer.feedStream(SingleStreamDataServer.java:141) ~[rsp-services-csparql-0.3.2.3.jar:na]
	at sun.reflect.NativeMethodAccessorImpl.invoke0(Native Method) ~[na:1.7.0_45]
	at sun.reflect.NativeMethodAccessorImpl.invoke(NativeMethodAccessorImpl.java:57) ~[na:1.7.0_45]
	at sun.reflect.DelegatingMethodAccessorImpl.invoke(DelegatingMethodAccessorImpl.java:43) ~[na:1.7.0_45]
	at java.lang.reflect.Method.invoke(Method.java:606) ~[na:1.7.0_45]
	at org.restlet.resource.ServerResource.doHandle(ServerResource.java:503) [org.restlet-2.1.2.jar:na]
	at org.restlet.resource.ServerResource.doHandle(ServerResource.java:552) [org.restlet-2.1.2.jar:na]
	at org.restlet.resource.ServerResource.post(ServerResource.java:1186) [org.restlet-2.1.2.jar:na]
	at org.restlet.resource.ServerResource.doHandle(ServerResource.java:437) [org.restlet-2.1.2.jar:na]
	at org.restlet.resource.ServerResource.doNegotiatedHandle(ServerResource.java:653) [org.restlet-2.1.2.jar:na]
	at org.restlet.resource.ServerResource.doConditionalHandle(ServerResource.java:348) [org.restlet-2.1.2.jar:na]
	at org.restlet.resource.ServerResource.handle(ServerResource.java:952) [org.restlet-2.1.2.jar:na]
	at org.restlet.resource.Finder.handle(Finder.java:246) [org.restlet-2.1.2.jar:na]
	at org.restlet.routing.Filter.doHandle(Filter.java:159) [org.restlet-2.1.2.jar:na]
	at org.restlet.routing.Filter.handle(Filter.java:206) [org.restlet-2.1.2.jar:na]
	at org.restlet.routing.Router.doHandle(Router.java:431) [org.restlet-2.1.2.jar:na]
	at org.restlet.routing.Router.handle(Router.java:648) [org.restlet-2.1.2.jar:na]
	at org.restlet.routing.Filter.doHandle(Filter.java:159) [org.restlet-2.1.2.jar:na]
	at org.restlet.routing.Filter.handle(Filter.java:206) [org.restlet-2.1.2.jar:na]
	at org.restlet.routing.Filter.doHandle(Filter.java:159) [org.restlet-2.1.2.jar:na]
	at org.restlet.routing.Filter.handle(Filter.java:206) [org.restlet-2.1.2.jar:na]
	at org.restlet.routing.Filter.doHandle(Filter.java:159) [org.restlet-2.1.2.jar:na]
	at org.restlet.engine.application.StatusFilter.doHandle(StatusFilter.java:155) [org.restlet-2.1.2.jar:na]
	at org.restlet.routing.Filter.handle(Filter.java:206) [org.restlet-2.1.2.jar:na]
	at org.restlet.routing.Filter.doHandle(Filter.java:159) [org.restlet-2.1.2.jar:na]
	at org.restlet.routing.Filter.handle(Filter.java:206) [org.restlet-2.1.2.jar:na]
	at org.restlet.engine.CompositeHelper.handle(CompositeHelper.java:211) [org.restlet-2.1.2.jar:na]
	at org.restlet.engine.application.ApplicationHelper.handle(ApplicationHelper.java:84) [org.restlet-2.1.2.jar:na]
	at org.restlet.Application.handle(Application.java:381) [org.restlet-2.1.2.jar:na]
	at org.restlet.routing.Filter.doHandle(Filter.java:159) [org.restlet-2.1.2.jar:na]
	at org.restlet.routing.Filter.handle(Filter.java:206) [org.restlet-2.1.2.jar:na]
	at org.restlet.routing.Router.doHandle(Router.java:431) [org.restlet-2.1.2.jar:na]
	at org.restlet.routing.Router.handle(Router.java:648) [org.restlet-2.1.2.jar:na]
	at org.restlet.routing.Filter.doHandle(Filter.java:159) [org.restlet-2.1.2.jar:na]
	at org.restlet.routing.Filter.handle(Filter.java:206) [org.restlet-2.1.2.jar:na]
	at org.restlet.routing.Router.doHandle(Router.java:431) [org.restlet-2.1.2.jar:na]
	at org.restlet.routing.Router.handle(Router.java:648) [org.restlet-2.1.2.jar:na]
	at org.restlet.routing.Filter.doHandle(Filter.java:159) [org.restlet-2.1.2.jar:na]
	at org.restlet.engine.application.StatusFilter.doHandle(StatusFilter.java:155) [org.restlet-2.1.2.jar:na]
	at org.restlet.routing.Filter.handle(Filter.java:206) [org.restlet-2.1.2.jar:na]
	at org.restlet.routing.Filter.doHandle(Filter.java:159) [org.restlet-2.1.2.jar:na]
	at org.restlet.routing.Filter.handle(Filter.java:206) [org.restlet-2.1.2.jar:na]
	at org.restlet.engine.CompositeHelper.handle(CompositeHelper.java:211) [org.restlet-2.1.2.jar:na]
	at org.restlet.Component.handle(Component.java:392) [org.restlet-2.1.2.jar:na]
	at org.restlet.Server.handle(Server.java:516) [org.restlet-2.1.2.jar:na]
	at org.restlet.engine.connector.ServerConnectionHelper.handle(ServerConnectionHelper.java:257) [org.restlet-2.1.2.jar:na]
	at org.restlet.engine.connector.ServerConnectionHelper.doHandleInbound(ServerConnectionHelper.java:186) [org.restlet-2.1.2.jar:na]
	at org.restlet.engine.connector.BaseHelper$2.run(BaseHelper.java:593) [org.restlet-2.1.2.jar:na]
	at java.util.concurrent.ThreadPoolExecutor.runWorker(ThreadPoolExecutor.java:1145) [na:1.7.0_45]
	at java.util.concurrent.ThreadPoolExecutor$Worker.run(ThreadPoolExecutor.java:615) [na:1.7.0_45]
	at java.lang.Thread.run(Thread.java:744) [na:1.7.0_45]
22:27:31.591 [Restlet-311917274] ERROR polimi.deib.rsp_service4csparql_server.stream.SingleStreamDataServer - Error while changing status of a stream
java.lang.NullPointerException: null
	at polimi.deib.rsp_service4csparql_server.stream.SingleStreamDataServer.feedStream(SingleStreamDataServer.java:141) ~[rsp-services-csparql-0.3.2.3.jar:na]
	at sun.reflect.NativeMethodAccessorImpl.invoke0(Native Method) ~[na:1.7.0_45]
	at sun.reflect.NativeMethodAccessorImpl.invoke(NativeMethodAccessorImpl.java:57) ~[na:1.7.0_45]
	at sun.reflect.DelegatingMethodAccessorImpl.invoke(DelegatingMethodAccessorImpl.java:43) ~[na:1.7.0_45]
	at java.lang.reflect.Method.invoke(Method.java:606) ~[na:1.7.0_45]
	at org.restlet.resource.ServerResource.doHandle(ServerResource.java:503) [org.restlet-2.1.2.jar:na]
	at org.restlet.resource.ServerResource.doHandle(ServerResource.java:552) [org.restlet-2.1.2.jar:na]
	at org.restlet.resource.ServerResource.post(ServerResource.java:1186) [org.restlet-2.1.2.jar:na]
	at org.restlet.resource.ServerResource.doHandle(ServerResource.java:437) [org.restlet-2.1.2.jar:na]
	at org.restlet.resource.ServerResource.doNegotiatedHandle(ServerResource.java:653) [org.restlet-2.1.2.jar:na]
	at org.restlet.resource.ServerResource.doConditionalHandle(ServerResource.java:348) [org.restlet-2.1.2.jar:na]
	at org.restlet.resource.ServerResource.handle(ServerResource.java:952) [org.restlet-2.1.2.jar:na]
	at org.restlet.resource.Finder.handle(Finder.java:246) [org.restlet-2.1.2.jar:na]
	at org.restlet.routing.Filter.doHandle(Filter.java:159) [org.restlet-2.1.2.jar:na]
	at org.restlet.routing.Filter.handle(Filter.java:206) [org.restlet-2.1.2.jar:na]
	at org.restlet.routing.Router.doHandle(Router.java:431) [org.restlet-2.1.2.jar:na]
	at org.restlet.routing.Router.handle(Router.java:648) [org.restlet-2.1.2.jar:na]
	at org.restlet.routing.Filter.doHandle(Filter.java:159) [org.restlet-2.1.2.jar:na]
	at org.restlet.routing.Filter.handle(Filter.java:206) [org.restlet-2.1.2.jar:na]
	at org.restlet.routing.Filter.doHandle(Filter.java:159) [org.restlet-2.1.2.jar:na]
	at org.restlet.routing.Filter.handle(Filter.java:206) [org.restlet-2.1.2.jar:na]
	at org.restlet.routing.Filter.doHandle(Filter.java:159) [org.restlet-2.1.2.jar:na]
	at org.restlet.engine.application.StatusFilter.doHandle(StatusFilter.java:155) [org.restlet-2.1.2.jar:na]
	at org.restlet.routing.Filter.handle(Filter.java:206) [org.restlet-2.1.2.jar:na]
	at org.restlet.routing.Filter.doHandle(Filter.java:159) [org.restlet-2.1.2.jar:na]
	at org.restlet.routing.Filter.handle(Filter.java:206) [org.restlet-2.1.2.jar:na]
	at org.restlet.engine.CompositeHelper.handle(CompositeHelper.java:211) [org.restlet-2.1.2.jar:na]
	at org.restlet.engine.application.ApplicationHelper.handle(ApplicationHelper.java:84) [org.restlet-2.1.2.jar:na]
	at org.restlet.Application.handle(Application.java:381) [org.restlet-2.1.2.jar:na]
	at org.restlet.routing.Filter.doHandle(Filter.java:159) [org.restlet-2.1.2.jar:na]
	at org.restlet.routing.Filter.handle(Filter.java:206) [org.restlet-2.1.2.jar:na]
	at org.restlet.routing.Router.doHandle(Router.java:431) [org.restlet-2.1.2.jar:na]
	at org.restlet.routing.Router.handle(Router.java:648) [org.restlet-2.1.2.jar:na]
	at org.restlet.routing.Filter.doHandle(Filter.java:159) [org.restlet-2.1.2.jar:na]
	at org.restlet.routing.Filter.handle(Filter.java:206) [org.restlet-2.1.2.jar:na]
	at org.restlet.routing.Router.doHandle(Router.java:431) [org.restlet-2.1.2.jar:na]
	at org.restlet.routing.Router.handle(Router.java:648) [org.restlet-2.1.2.jar:na]
	at org.restlet.routing.Filter.doHandle(Filter.java:159) [org.restlet-2.1.2.jar:na]
	at org.restlet.engine.application.StatusFilter.doHandle(StatusFilter.java:155) [org.restlet-2.1.2.jar:na]
	at org.restlet.routing.Filter.handle(Filter.java:206) [org.restlet-2.1.2.jar:na]
	at org.restlet.routing.Filter.doHandle(Filter.java:159) [org.restlet-2.1.2.jar:na]
	at org.restlet.routing.Filter.handle(Filter.java:206) [org.restlet-2.1.2.jar:na]
	at org.restlet.engine.CompositeHelper.handle(CompositeHelper.java:211) [org.restlet-2.1.2.jar:na]
	at org.restlet.Component.handle(Component.java:392) [org.restlet-2.1.2.jar:na]
	at org.restlet.Server.handle(Server.java:516) [org.restlet-2.1.2.jar:na]
	at org.restlet.engine.connector.ServerConnectionHelper.handle(ServerConnectionHelper.java:257) [org.restlet-2.1.2.jar:na]
	at org.restlet.engine.connector.ServerConnectionHelper.doHandleInbound(ServerConnectionHelper.java:186) [org.restlet-2.1.2.jar:na]
	at org.restlet.engine.connector.BaseHelper$2.run(BaseHelper.java:593) [org.restlet-2.1.2.jar:na]
	at java.util.concurrent.ThreadPoolExecutor.runWorker(ThreadPoolExecutor.java:1145) [na:1.7.0_45]
	at java.util.concurrent.ThreadPoolExecutor$Worker.run(ThreadPoolExecutor.java:615) [na:1.7.0_45]
	at java.lang.Thread.run(Thread.java:744) [na:1.7.0_45]
22:29:02.391 [Restlet-311917274] ERROR polimi.deib.rsp_service4csparql_server.stream.SingleStreamDataServer - Error while changing status of a stream
java.lang.NullPointerException: null
	at polimi.deib.rsp_service4csparql_server.stream.SingleStreamDataServer.feedStream(SingleStreamDataServer.java:141) ~[rsp-services-csparql-0.3.2.3.jar:na]
	at sun.reflect.NativeMethodAccessorImpl.invoke0(Native Method) ~[na:1.7.0_45]
	at sun.reflect.NativeMethodAccessorImpl.invoke(NativeMethodAccessorImpl.java:57) ~[na:1.7.0_45]
	at sun.reflect.DelegatingMethodAccessorImpl.invoke(DelegatingMethodAccessorImpl.java:43) ~[na:1.7.0_45]
	at java.lang.reflect.Method.invoke(Method.java:606) ~[na:1.7.0_45]
	at org.restlet.resource.ServerResource.doHandle(ServerResource.java:503) [org.restlet-2.1.2.jar:na]
	at org.restlet.resource.ServerResource.doHandle(ServerResource.java:552) [org.restlet-2.1.2.jar:na]
	at org.restlet.resource.ServerResource.post(ServerResource.java:1186) [org.restlet-2.1.2.jar:na]
	at org.restlet.resource.ServerResource.doHandle(ServerResource.java:437) [org.restlet-2.1.2.jar:na]
	at org.restlet.resource.ServerResource.doNegotiatedHandle(ServerResource.java:653) [org.restlet-2.1.2.jar:na]
	at org.restlet.resource.ServerResource.doConditionalHandle(ServerResource.java:348) [org.restlet-2.1.2.jar:na]
	at org.restlet.resource.ServerResource.handle(ServerResource.java:952) [org.restlet-2.1.2.jar:na]
	at org.restlet.resource.Finder.handle(Finder.java:246) [org.restlet-2.1.2.jar:na]
	at org.restlet.routing.Filter.doHandle(Filter.java:159) [org.restlet-2.1.2.jar:na]
	at org.restlet.routing.Filter.handle(Filter.java:206) [org.restlet-2.1.2.jar:na]
	at org.restlet.routing.Router.doHandle(Router.java:431) [org.restlet-2.1.2.jar:na]
	at org.restlet.routing.Router.handle(Router.java:648) [org.restlet-2.1.2.jar:na]
	at org.restlet.routing.Filter.doHandle(Filter.java:159) [org.restlet-2.1.2.jar:na]
	at org.restlet.routing.Filter.handle(Filter.java:206) [org.restlet-2.1.2.jar:na]
	at org.restlet.routing.Filter.doHandle(Filter.java:159) [org.restlet-2.1.2.jar:na]
	at org.restlet.routing.Filter.handle(Filter.java:206) [org.restlet-2.1.2.jar:na]
	at org.restlet.routing.Filter.doHandle(Filter.java:159) [org.restlet-2.1.2.jar:na]
	at org.restlet.engine.application.StatusFilter.doHandle(StatusFilter.java:155) [org.restlet-2.1.2.jar:na]
	at org.restlet.routing.Filter.handle(Filter.java:206) [org.restlet-2.1.2.jar:na]
	at org.restlet.routing.Filter.doHandle(Filter.java:159) [org.restlet-2.1.2.jar:na]
	at org.restlet.routing.Filter.handle(Filter.java:206) [org.restlet-2.1.2.jar:na]
	at org.restlet.engine.CompositeHelper.handle(CompositeHelper.java:211) [org.restlet-2.1.2.jar:na]
	at org.restlet.engine.application.ApplicationHelper.handle(ApplicationHelper.java:84) [org.restlet-2.1.2.jar:na]
	at org.restlet.Application.handle(Application.java:381) [org.restlet-2.1.2.jar:na]
	at org.restlet.routing.Filter.doHandle(Filter.java:159) [org.restlet-2.1.2.jar:na]
	at org.restlet.routing.Filter.handle(Filter.java:206) [org.restlet-2.1.2.jar:na]
	at org.restlet.routing.Router.doHandle(Router.java:431) [org.restlet-2.1.2.jar:na]
	at org.restlet.routing.Router.handle(Router.java:648) [org.restlet-2.1.2.jar:na]
	at org.restlet.routing.Filter.doHandle(Filter.java:159) [org.restlet-2.1.2.jar:na]
	at org.restlet.routing.Filter.handle(Filter.java:206) [org.restlet-2.1.2.jar:na]
	at org.restlet.routing.Router.doHandle(Router.java:431) [org.restlet-2.1.2.jar:na]
	at org.restlet.routing.Router.handle(Router.java:648) [org.restlet-2.1.2.jar:na]
	at org.restlet.routing.Filter.doHandle(Filter.java:159) [org.restlet-2.1.2.jar:na]
	at org.restlet.engine.application.StatusFilter.doHandle(StatusFilter.java:155) [org.restlet-2.1.2.jar:na]
	at org.restlet.routing.Filter.handle(Filter.java:206) [org.restlet-2.1.2.jar:na]
	at org.restlet.routing.Filter.doHandle(Filter.java:159) [org.restlet-2.1.2.jar:na]
	at org.restlet.routing.Filter.handle(Filter.java:206) [org.restlet-2.1.2.jar:na]
	at org.restlet.engine.CompositeHelper.handle(CompositeHelper.java:211) [org.restlet-2.1.2.jar:na]
	at org.restlet.Component.handle(Component.java:392) [org.restlet-2.1.2.jar:na]
	at org.restlet.Server.handle(Server.java:516) [org.restlet-2.1.2.jar:na]
	at org.restlet.engine.connector.ServerConnectionHelper.handle(ServerConnectionHelper.java:257) [org.restlet-2.1.2.jar:na]
	at org.restlet.engine.connector.ServerConnectionHelper.doHandleInbound(ServerConnectionHelper.java:186) [org.restlet-2.1.2.jar:na]
	at org.restlet.engine.connector.BaseHelper$2.run(BaseHelper.java:593) [org.restlet-2.1.2.jar:na]
	at java.util.concurrent.ThreadPoolExecutor.runWorker(ThreadPoolExecutor.java:1145) [na:1.7.0_45]
	at java.util.concurrent.ThreadPoolExecutor$Worker.run(ThreadPoolExecutor.java:615) [na:1.7.0_45]
	at java.lang.Thread.run(Thread.java:744) [na:1.7.0_45]
22:32:35.176 [Restlet-311917274] ERROR polimi.deib.rsp_service4csparql_server.stream.SingleStreamDataServer - Error while changing status of a stream
java.lang.NullPointerException: null
	at polimi.deib.rsp_service4csparql_server.stream.SingleStreamDataServer.feedStream(SingleStreamDataServer.java:141) ~[rsp-services-csparql-0.3.2.3.jar:na]
	at sun.reflect.NativeMethodAccessorImpl.invoke0(Native Method) ~[na:1.7.0_45]
	at sun.reflect.NativeMethodAccessorImpl.invoke(NativeMethodAccessorImpl.java:57) ~[na:1.7.0_45]
	at sun.reflect.DelegatingMethodAccessorImpl.invoke(DelegatingMethodAccessorImpl.java:43) ~[na:1.7.0_45]
	at java.lang.reflect.Method.invoke(Method.java:606) ~[na:1.7.0_45]
	at org.restlet.resource.ServerResource.doHandle(ServerResource.java:503) [org.restlet-2.1.2.jar:na]
	at org.restlet.resource.ServerResource.doHandle(ServerResource.java:552) [org.restlet-2.1.2.jar:na]
	at org.restlet.resource.ServerResource.post(ServerResource.java:1186) [org.restlet-2.1.2.jar:na]
	at org.restlet.resource.ServerResource.doHandle(ServerResource.java:437) [org.restlet-2.1.2.jar:na]
	at org.restlet.resource.ServerResource.doNegotiatedHandle(ServerResource.java:653) [org.restlet-2.1.2.jar:na]
	at org.restlet.resource.ServerResource.doConditionalHandle(ServerResource.java:348) [org.restlet-2.1.2.jar:na]
	at org.restlet.resource.ServerResource.handle(ServerResource.java:952) [org.restlet-2.1.2.jar:na]
	at org.restlet.resource.Finder.handle(Finder.java:246) [org.restlet-2.1.2.jar:na]
	at org.restlet.routing.Filter.doHandle(Filter.java:159) [org.restlet-2.1.2.jar:na]
	at org.restlet.routing.Filter.handle(Filter.java:206) [org.restlet-2.1.2.jar:na]
	at org.restlet.routing.Router.doHandle(Router.java:431) [org.restlet-2.1.2.jar:na]
	at org.restlet.routing.Router.handle(Router.java:648) [org.restlet-2.1.2.jar:na]
	at org.restlet.routing.Filter.doHandle(Filter.java:159) [org.restlet-2.1.2.jar:na]
	at org.restlet.routing.Filter.handle(Filter.java:206) [org.restlet-2.1.2.jar:na]
	at org.restlet.routing.Filter.doHandle(Filter.java:159) [org.restlet-2.1.2.jar:na]
	at org.restlet.routing.Filter.handle(Filter.java:206) [org.restlet-2.1.2.jar:na]
	at org.restlet.routing.Filter.doHandle(Filter.java:159) [org.restlet-2.1.2.jar:na]
	at org.restlet.engine.application.StatusFilter.doHandle(StatusFilter.java:155) [org.restlet-2.1.2.jar:na]
	at org.restlet.routing.Filter.handle(Filter.java:206) [org.restlet-2.1.2.jar:na]
	at org.restlet.routing.Filter.doHandle(Filter.java:159) [org.restlet-2.1.2.jar:na]
	at org.restlet.routing.Filter.handle(Filter.java:206) [org.restlet-2.1.2.jar:na]
	at org.restlet.engine.CompositeHelper.handle(CompositeHelper.java:211) [org.restlet-2.1.2.jar:na]
	at org.restlet.engine.application.ApplicationHelper.handle(ApplicationHelper.java:84) [org.restlet-2.1.2.jar:na]
	at org.restlet.Application.handle(Application.java:381) [org.restlet-2.1.2.jar:na]
	at org.restlet.routing.Filter.doHandle(Filter.java:159) [org.restlet-2.1.2.jar:na]
	at org.restlet.routing.Filter.handle(Filter.java:206) [org.restlet-2.1.2.jar:na]
	at org.restlet.routing.Router.doHandle(Router.java:431) [org.restlet-2.1.2.jar:na]
	at org.restlet.routing.Router.handle(Router.java:648) [org.restlet-2.1.2.jar:na]
	at org.restlet.routing.Filter.doHandle(Filter.java:159) [org.restlet-2.1.2.jar:na]
	at org.restlet.routing.Filter.handle(Filter.java:206) [org.restlet-2.1.2.jar:na]
	at org.restlet.routing.Router.doHandle(Router.java:431) [org.restlet-2.1.2.jar:na]
	at org.restlet.routing.Router.handle(Router.java:648) [org.restlet-2.1.2.jar:na]
	at org.restlet.routing.Filter.doHandle(Filter.java:159) [org.restlet-2.1.2.jar:na]
	at org.restlet.engine.application.StatusFilter.doHandle(StatusFilter.java:155) [org.restlet-2.1.2.jar:na]
	at org.restlet.routing.Filter.handle(Filter.java:206) [org.restlet-2.1.2.jar:na]
	at org.restlet.routing.Filter.doHandle(Filter.java:159) [org.restlet-2.1.2.jar:na]
	at org.restlet.routing.Filter.handle(Filter.java:206) [org.restlet-2.1.2.jar:na]
	at org.restlet.engine.CompositeHelper.handle(CompositeHelper.java:211) [org.restlet-2.1.2.jar:na]
	at org.restlet.Component.handle(Component.java:392) [org.restlet-2.1.2.jar:na]
	at org.restlet.Server.handle(Server.java:516) [org.restlet-2.1.2.jar:na]
	at org.restlet.engine.connector.ServerConnectionHelper.handle(ServerConnectionHelper.java:257) [org.restlet-2.1.2.jar:na]
	at org.restlet.engine.connector.ServerConnectionHelper.doHandleInbound(ServerConnectionHelper.java:186) [org.restlet-2.1.2.jar:na]
	at org.restlet.engine.connector.BaseHelper$2.run(BaseHelper.java:593) [org.restlet-2.1.2.jar:na]
	at java.util.concurrent.ThreadPoolExecutor.runWorker(ThreadPoolExecutor.java:1145) [na:1.7.0_45]
	at java.util.concurrent.ThreadPoolExecutor$Worker.run(ThreadPoolExecutor.java:615) [na:1.7.0_45]
	at java.lang.Thread.run(Thread.java:744) [na:1.7.0_45]
22:33:14.682 [Restlet-311917274] ERROR polimi.deib.rsp_service4csparql_server.stream.SingleStreamDataServer - Error while changing status of a stream
org.apache.jena.riot.RiotException: [line: 1, col: 1 ] Undefined prefix: 
	at org.apache.jena.riot.system.ErrorHandlerFactory$ErrorHandlerStd.fatal(ErrorHandlerFactory.java:132) ~[jena-arq-2.10.1.jar:2.10.1]
	at org.apache.jena.riot.system.ParserProfileBase.expandPrefixedName(ParserProfileBase.java:222) ~[jena-arq-2.10.1.jar:2.10.1]
	at org.apache.jena.riot.system.ParserProfileBase.create(ParserProfileBase.java:165) ~[jena-arq-2.10.1.jar:2.10.1]
	at org.apache.jena.riot.lang.LangTurtleBase.tokenAsNode(LangTurtleBase.java:522) ~[jena-arq-2.10.1.jar:2.10.1]
	at org.apache.jena.riot.lang.LangTurtleBase.node(LangTurtleBase.java:359) ~[jena-arq-2.10.1.jar:2.10.1]
	at org.apache.jena.riot.lang.LangTurtleBase.triples(LangTurtleBase.java:266) ~[jena-arq-2.10.1.jar:2.10.1]
	at org.apache.jena.riot.lang.LangTurtleBase.triplesSameSubject(LangTurtleBase.java:210) ~[jena-arq-2.10.1.jar:2.10.1]
	at org.apache.jena.riot.lang.LangTurtle.oneTopLevelElement(LangTurtle.java:47) ~[jena-arq-2.10.1.jar:2.10.1]
	at org.apache.jena.riot.lang.LangTurtleBase.runParser(LangTurtleBase.java:110) ~[jena-arq-2.10.1.jar:2.10.1]
	at org.apache.jena.riot.lang.LangBase.parse(LangBase.java:42) ~[jena-arq-2.10.1.jar:2.10.1]
	at org.apache.jena.riot.RDFParserRegistry$ReaderRIOTFactoryImpl$1.read(RDFParserRegistry.java:142) ~[jena-arq-2.10.1.jar:2.10.1]
	at org.apache.jena.riot.RDFDataMgr.process(RDFDataMgr.java:760) ~[jena-arq-2.10.1.jar:2.10.1]
	at org.apache.jena.riot.RDFDataMgr.read(RDFDataMgr.java:258) ~[jena-arq-2.10.1.jar:2.10.1]
	at org.apache.jena.riot.RDFDataMgr.read(RDFDataMgr.java:244) ~[jena-arq-2.10.1.jar:2.10.1]
	at org.apache.jena.riot.adapters.RDFReaderRIOT.read(RDFReaderRIOT.java:69) ~[jena-arq-2.10.1.jar:2.10.1]
	at com.hp.hpl.jena.rdf.model.impl.ModelCom.read(ModelCom.java:274) ~[jena-core-2.10.1.jar:2.10.1]
	at polimi.deib.rsp_service4csparql_server.stream.SingleStreamDataServer.feedStream(SingleStreamDataServer.java:184) ~[rsp-services-csparql-0.3.2.3.jar:na]
	at sun.reflect.NativeMethodAccessorImpl.invoke0(Native Method) ~[na:1.7.0_45]
	at sun.reflect.NativeMethodAccessorImpl.invoke(NativeMethodAccessorImpl.java:57) ~[na:1.7.0_45]
	at sun.reflect.DelegatingMethodAccessorImpl.invoke(DelegatingMethodAccessorImpl.java:43) ~[na:1.7.0_45]
	at java.lang.reflect.Method.invoke(Method.java:606) ~[na:1.7.0_45]
	at org.restlet.resource.ServerResource.doHandle(ServerResource.java:503) [org.restlet-2.1.2.jar:na]
	at org.restlet.resource.ServerResource.doHandle(ServerResource.java:552) [org.restlet-2.1.2.jar:na]
	at org.restlet.resource.ServerResource.post(ServerResource.java:1186) [org.restlet-2.1.2.jar:na]
	at org.restlet.resource.ServerResource.doHandle(ServerResource.java:437) [org.restlet-2.1.2.jar:na]
	at org.restlet.resource.ServerResource.doNegotiatedHandle(ServerResource.java:653) [org.restlet-2.1.2.jar:na]
	at org.restlet.resource.ServerResource.doConditionalHandle(ServerResource.java:348) [org.restlet-2.1.2.jar:na]
	at org.restlet.resource.ServerResource.handle(ServerResource.java:952) [org.restlet-2.1.2.jar:na]
	at org.restlet.resource.Finder.handle(Finder.java:246) [org.restlet-2.1.2.jar:na]
	at org.restlet.routing.Filter.doHandle(Filter.java:159) [org.restlet-2.1.2.jar:na]
	at org.restlet.routing.Filter.handle(Filter.java:206) [org.restlet-2.1.2.jar:na]
	at org.restlet.routing.Router.doHandle(Router.java:431) [org.restlet-2.1.2.jar:na]
	at org.restlet.routing.Router.handle(Router.java:648) [org.restlet-2.1.2.jar:na]
	at org.restlet.routing.Filter.doHandle(Filter.java:159) [org.restlet-2.1.2.jar:na]
	at org.restlet.routing.Filter.handle(Filter.java:206) [org.restlet-2.1.2.jar:na]
	at org.restlet.routing.Filter.doHandle(Filter.java:159) [org.restlet-2.1.2.jar:na]
	at org.restlet.routing.Filter.handle(Filter.java:206) [org.restlet-2.1.2.jar:na]
	at org.restlet.routing.Filter.doHandle(Filter.java:159) [org.restlet-2.1.2.jar:na]
	at org.restlet.engine.application.StatusFilter.doHandle(StatusFilter.java:155) [org.restlet-2.1.2.jar:na]
	at org.restlet.routing.Filter.handle(Filter.java:206) [org.restlet-2.1.2.jar:na]
	at org.restlet.routing.Filter.doHandle(Filter.java:159) [org.restlet-2.1.2.jar:na]
	at org.restlet.routing.Filter.handle(Filter.java:206) [org.restlet-2.1.2.jar:na]
	at org.restlet.engine.CompositeHelper.handle(CompositeHelper.java:211) [org.restlet-2.1.2.jar:na]
	at org.restlet.engine.application.ApplicationHelper.handle(ApplicationHelper.java:84) [org.restlet-2.1.2.jar:na]
	at org.restlet.Application.handle(Application.java:381) [org.restlet-2.1.2.jar:na]
	at org.restlet.routing.Filter.doHandle(Filter.java:159) [org.restlet-2.1.2.jar:na]
	at org.restlet.routing.Filter.handle(Filter.java:206) [org.restlet-2.1.2.jar:na]
	at org.restlet.routing.Router.doHandle(Router.java:431) [org.restlet-2.1.2.jar:na]
	at org.restlet.routing.Router.handle(Router.java:648) [org.restlet-2.1.2.jar:na]
	at org.restlet.routing.Filter.doHandle(Filter.java:159) [org.restlet-2.1.2.jar:na]
	at org.restlet.routing.Filter.handle(Filter.java:206) [org.restlet-2.1.2.jar:na]
	at org.restlet.routing.Router.doHandle(Router.java:431) [org.restlet-2.1.2.jar:na]
	at org.restlet.routing.Router.handle(Router.java:648) [org.restlet-2.1.2.jar:na]
	at org.restlet.routing.Filter.doHandle(Filter.java:159) [org.restlet-2.1.2.jar:na]
	at org.restlet.engine.application.StatusFilter.doHandle(StatusFilter.java:155) [org.restlet-2.1.2.jar:na]
	at org.restlet.routing.Filter.handle(Filter.java:206) [org.restlet-2.1.2.jar:na]
	at org.restlet.routing.Filter.doHandle(Filter.java:159) [org.restlet-2.1.2.jar:na]
	at org.restlet.routing.Filter.handle(Filter.java:206) [org.restlet-2.1.2.jar:na]
	at org.restlet.engine.CompositeHelper.handle(CompositeHelper.java:211) [org.restlet-2.1.2.jar:na]
	at org.restlet.Component.handle(Component.java:392) [org.restlet-2.1.2.jar:na]
	at org.restlet.Server.handle(Server.java:516) [org.restlet-2.1.2.jar:na]
	at org.restlet.engine.connector.ServerConnectionHelper.handle(ServerConnectionHelper.java:257) [org.restlet-2.1.2.jar:na]
	at org.restlet.engine.connector.ServerConnectionHelper.doHandleInbound(ServerConnectionHelper.java:186) [org.restlet-2.1.2.jar:na]
	at org.restlet.engine.connector.BaseHelper$2.run(BaseHelper.java:593) [org.restlet-2.1.2.jar:na]
	at java.util.concurrent.ThreadPoolExecutor.runWorker(ThreadPoolExecutor.java:1145) [na:1.7.0_45]
	at java.util.concurrent.ThreadPoolExecutor$Worker.run(ThreadPoolExecutor.java:615) [na:1.7.0_45]
	at java.lang.Thread.run(Thread.java:744) [na:1.7.0_45]
22:33:49.958 [Restlet-311917274] ERROR polimi.deib.rsp_service4csparql_server.stream.SingleStreamDataServer - Error while changing status of a stream
org.apache.jena.riot.RiotException: [line: 1, col: 1 ] Unrecognized keyword: aaa
	at org.apache.jena.riot.system.ErrorHandlerFactory$ErrorHandlerStd.fatal(ErrorHandlerFactory.java:132) ~[jena-arq-2.10.1.jar:2.10.1]
	at org.apache.jena.riot.lang.LangEngine.raiseException(LangEngine.java:169) ~[jena-arq-2.10.1.jar:2.10.1]
	at org.apache.jena.riot.lang.LangEngine.exceptionDirect(LangEngine.java:162) ~[jena-arq-2.10.1.jar:2.10.1]
	at org.apache.jena.riot.lang.LangEngine.exception(LangEngine.java:155) ~[jena-arq-2.10.1.jar:2.10.1]
	at org.apache.jena.riot.lang.LangTurtleBase.toplevelkeyword(LangTurtleBase.java:140) ~[jena-arq-2.10.1.jar:2.10.1]
	at org.apache.jena.riot.lang.LangTurtleBase.runParser(LangTurtleBase.java:106) ~[jena-arq-2.10.1.jar:2.10.1]
	at org.apache.jena.riot.lang.LangBase.parse(LangBase.java:42) ~[jena-arq-2.10.1.jar:2.10.1]
	at org.apache.jena.riot.RDFParserRegistry$ReaderRIOTFactoryImpl$1.read(RDFParserRegistry.java:142) ~[jena-arq-2.10.1.jar:2.10.1]
	at org.apache.jena.riot.RDFDataMgr.process(RDFDataMgr.java:760) ~[jena-arq-2.10.1.jar:2.10.1]
	at org.apache.jena.riot.RDFDataMgr.read(RDFDataMgr.java:258) ~[jena-arq-2.10.1.jar:2.10.1]
	at org.apache.jena.riot.RDFDataMgr.read(RDFDataMgr.java:244) ~[jena-arq-2.10.1.jar:2.10.1]
	at org.apache.jena.riot.adapters.RDFReaderRIOT.read(RDFReaderRIOT.java:69) ~[jena-arq-2.10.1.jar:2.10.1]
	at com.hp.hpl.jena.rdf.model.impl.ModelCom.read(ModelCom.java:274) ~[jena-core-2.10.1.jar:2.10.1]
	at polimi.deib.rsp_service4csparql_server.stream.SingleStreamDataServer.feedStream(SingleStreamDataServer.java:184) ~[rsp-services-csparql-0.3.2.3.jar:na]
	at sun.reflect.NativeMethodAccessorImpl.invoke0(Native Method) ~[na:1.7.0_45]
	at sun.reflect.NativeMethodAccessorImpl.invoke(NativeMethodAccessorImpl.java:57) ~[na:1.7.0_45]
	at sun.reflect.DelegatingMethodAccessorImpl.invoke(DelegatingMethodAccessorImpl.java:43) ~[na:1.7.0_45]
	at java.lang.reflect.Method.invoke(Method.java:606) ~[na:1.7.0_45]
	at org.restlet.resource.ServerResource.doHandle(ServerResource.java:503) [org.restlet-2.1.2.jar:na]
	at org.restlet.resource.ServerResource.doHandle(ServerResource.java:552) [org.restlet-2.1.2.jar:na]
	at org.restlet.resource.ServerResource.post(ServerResource.java:1186) [org.restlet-2.1.2.jar:na]
	at org.restlet.resource.ServerResource.doHandle(ServerResource.java:437) [org.restlet-2.1.2.jar:na]
	at org.restlet.resource.ServerResource.doNegotiatedHandle(ServerResource.java:653) [org.restlet-2.1.2.jar:na]
	at org.restlet.resource.ServerResource.doConditionalHandle(ServerResource.java:348) [org.restlet-2.1.2.jar:na]
	at org.restlet.resource.ServerResource.handle(ServerResource.java:952) [org.restlet-2.1.2.jar:na]
	at org.restlet.resource.Finder.handle(Finder.java:246) [org.restlet-2.1.2.jar:na]
	at org.restlet.routing.Filter.doHandle(Filter.java:159) [org.restlet-2.1.2.jar:na]
	at org.restlet.routing.Filter.handle(Filter.java:206) [org.restlet-2.1.2.jar:na]
	at org.restlet.routing.Router.doHandle(Router.java:431) [org.restlet-2.1.2.jar:na]
	at org.restlet.routing.Router.handle(Router.java:648) [org.restlet-2.1.2.jar:na]
	at org.restlet.routing.Filter.doHandle(Filter.java:159) [org.restlet-2.1.2.jar:na]
	at org.restlet.routing.Filter.handle(Filter.java:206) [org.restlet-2.1.2.jar:na]
	at org.restlet.routing.Filter.doHandle(Filter.java:159) [org.restlet-2.1.2.jar:na]
	at org.restlet.routing.Filter.handle(Filter.java:206) [org.restlet-2.1.2.jar:na]
	at org.restlet.routing.Filter.doHandle(Filter.java:159) [org.restlet-2.1.2.jar:na]
	at org.restlet.engine.application.StatusFilter.doHandle(StatusFilter.java:155) [org.restlet-2.1.2.jar:na]
	at org.restlet.routing.Filter.handle(Filter.java:206) [org.restlet-2.1.2.jar:na]
	at org.restlet.routing.Filter.doHandle(Filter.java:159) [org.restlet-2.1.2.jar:na]
	at org.restlet.routing.Filter.handle(Filter.java:206) [org.restlet-2.1.2.jar:na]
	at org.restlet.engine.CompositeHelper.handle(CompositeHelper.java:211) [org.restlet-2.1.2.jar:na]
	at org.restlet.engine.application.ApplicationHelper.handle(ApplicationHelper.java:84) [org.restlet-2.1.2.jar:na]
	at org.restlet.Application.handle(Application.java:381) [org.restlet-2.1.2.jar:na]
	at org.restlet.routing.Filter.doHandle(Filter.java:159) [org.restlet-2.1.2.jar:na]
	at org.restlet.routing.Filter.handle(Filter.java:206) [org.restlet-2.1.2.jar:na]
	at org.restlet.routing.Router.doHandle(Router.java:431) [org.restlet-2.1.2.jar:na]
	at org.restlet.routing.Router.handle(Router.java:648) [org.restlet-2.1.2.jar:na]
	at org.restlet.routing.Filter.doHandle(Filter.java:159) [org.restlet-2.1.2.jar:na]
	at org.restlet.routing.Filter.handle(Filter.java:206) [org.restlet-2.1.2.jar:na]
	at org.restlet.routing.Router.doHandle(Router.java:431) [org.restlet-2.1.2.jar:na]
	at org.restlet.routing.Router.handle(Router.java:648) [org.restlet-2.1.2.jar:na]
	at org.restlet.routing.Filter.doHandle(Filter.java:159) [org.restlet-2.1.2.jar:na]
	at org.restlet.engine.application.StatusFilter.doHandle(StatusFilter.java:155) [org.restlet-2.1.2.jar:na]
	at org.restlet.routing.Filter.handle(Filter.java:206) [org.restlet-2.1.2.jar:na]
	at org.restlet.routing.Filter.doHandle(Filter.java:159) [org.restlet-2.1.2.jar:na]
	at org.restlet.routing.Filter.handle(Filter.java:206) [org.restlet-2.1.2.jar:na]
	at org.restlet.engine.CompositeHelper.handle(CompositeHelper.java:211) [org.restlet-2.1.2.jar:na]
	at org.restlet.Component.handle(Component.java:392) [org.restlet-2.1.2.jar:na]
	at org.restlet.Server.handle(Server.java:516) [org.restlet-2.1.2.jar:na]
	at org.restlet.engine.connector.ServerConnectionHelper.handle(ServerConnectionHelper.java:257) [org.restlet-2.1.2.jar:na]
	at org.restlet.engine.connector.ServerConnectionHelper.doHandleInbound(ServerConnectionHelper.java:186) [org.restlet-2.1.2.jar:na]
	at org.restlet.engine.connector.BaseHelper$2.run(BaseHelper.java:593) [org.restlet-2.1.2.jar:na]
	at java.util.concurrent.ThreadPoolExecutor.runWorker(ThreadPoolExecutor.java:1145) [na:1.7.0_45]
	at java.util.concurrent.ThreadPoolExecutor$Worker.run(ThreadPoolExecutor.java:615) [na:1.7.0_45]
	at java.lang.Thread.run(Thread.java:744) [na:1.7.0_45]
22:34:44.621 [Restlet-311917274] ERROR polimi.deib.rsp_service4csparql_server.stream.SingleStreamDataServer - Error while changing status of a stream
org.apache.jena.riot.RiotException: [line: 1, col: 1 ] Unrecognized keyword: aaa
	at org.apache.jena.riot.system.ErrorHandlerFactory$ErrorHandlerStd.fatal(ErrorHandlerFactory.java:132) ~[jena-arq-2.10.1.jar:2.10.1]
	at org.apache.jena.riot.lang.LangEngine.raiseException(LangEngine.java:169) ~[jena-arq-2.10.1.jar:2.10.1]
	at org.apache.jena.riot.lang.LangEngine.exceptionDirect(LangEngine.java:162) ~[jena-arq-2.10.1.jar:2.10.1]
	at org.apache.jena.riot.lang.LangEngine.exception(LangEngine.java:155) ~[jena-arq-2.10.1.jar:2.10.1]
	at org.apache.jena.riot.lang.LangTurtleBase.toplevelkeyword(LangTurtleBase.java:140) ~[jena-arq-2.10.1.jar:2.10.1]
	at org.apache.jena.riot.lang.LangTurtleBase.runParser(LangTurtleBase.java:106) ~[jena-arq-2.10.1.jar:2.10.1]
	at org.apache.jena.riot.lang.LangBase.parse(LangBase.java:42) ~[jena-arq-2.10.1.jar:2.10.1]
	at org.apache.jena.riot.RDFParserRegistry$ReaderRIOTFactoryImpl$1.read(RDFParserRegistry.java:142) ~[jena-arq-2.10.1.jar:2.10.1]
	at org.apache.jena.riot.RDFDataMgr.process(RDFDataMgr.java:760) ~[jena-arq-2.10.1.jar:2.10.1]
	at org.apache.jena.riot.RDFDataMgr.read(RDFDataMgr.java:258) ~[jena-arq-2.10.1.jar:2.10.1]
	at org.apache.jena.riot.RDFDataMgr.read(RDFDataMgr.java:244) ~[jena-arq-2.10.1.jar:2.10.1]
	at org.apache.jena.riot.adapters.RDFReaderRIOT.read(RDFReaderRIOT.java:69) ~[jena-arq-2.10.1.jar:2.10.1]
	at com.hp.hpl.jena.rdf.model.impl.ModelCom.read(ModelCom.java:274) ~[jena-core-2.10.1.jar:2.10.1]
	at polimi.deib.rsp_service4csparql_server.stream.SingleStreamDataServer.feedStream(SingleStreamDataServer.java:184) ~[rsp-services-csparql-0.3.2.3.jar:na]
	at sun.reflect.NativeMethodAccessorImpl.invoke0(Native Method) ~[na:1.7.0_45]
	at sun.reflect.NativeMethodAccessorImpl.invoke(NativeMethodAccessorImpl.java:57) ~[na:1.7.0_45]
	at sun.reflect.DelegatingMethodAccessorImpl.invoke(DelegatingMethodAccessorImpl.java:43) ~[na:1.7.0_45]
	at java.lang.reflect.Method.invoke(Method.java:606) ~[na:1.7.0_45]
	at org.restlet.resource.ServerResource.doHandle(ServerResource.java:503) [org.restlet-2.1.2.jar:na]
	at org.restlet.resource.ServerResource.doHandle(ServerResource.java:552) [org.restlet-2.1.2.jar:na]
	at org.restlet.resource.ServerResource.post(ServerResource.java:1186) [org.restlet-2.1.2.jar:na]
	at org.restlet.resource.ServerResource.doHandle(ServerResource.java:437) [org.restlet-2.1.2.jar:na]
	at org.restlet.resource.ServerResource.doNegotiatedHandle(ServerResource.java:653) [org.restlet-2.1.2.jar:na]
	at org.restlet.resource.ServerResource.doConditionalHandle(ServerResource.java:348) [org.restlet-2.1.2.jar:na]
	at org.restlet.resource.ServerResource.handle(ServerResource.java:952) [org.restlet-2.1.2.jar:na]
	at org.restlet.resource.Finder.handle(Finder.java:246) [org.restlet-2.1.2.jar:na]
	at org.restlet.routing.Filter.doHandle(Filter.java:159) [org.restlet-2.1.2.jar:na]
	at org.restlet.routing.Filter.handle(Filter.java:206) [org.restlet-2.1.2.jar:na]
	at org.restlet.routing.Router.doHandle(Router.java:431) [org.restlet-2.1.2.jar:na]
	at org.restlet.routing.Router.handle(Router.java:648) [org.restlet-2.1.2.jar:na]
	at org.restlet.routing.Filter.doHandle(Filter.java:159) [org.restlet-2.1.2.jar:na]
	at org.restlet.routing.Filter.handle(Filter.java:206) [org.restlet-2.1.2.jar:na]
	at org.restlet.routing.Filter.doHandle(Filter.java:159) [org.restlet-2.1.2.jar:na]
	at org.restlet.routing.Filter.handle(Filter.java:206) [org.restlet-2.1.2.jar:na]
	at org.restlet.routing.Filter.doHandle(Filter.java:159) [org.restlet-2.1.2.jar:na]
	at org.restlet.engine.application.StatusFilter.doHandle(StatusFilter.java:155) [org.restlet-2.1.2.jar:na]
	at org.restlet.routing.Filter.handle(Filter.java:206) [org.restlet-2.1.2.jar:na]
	at org.restlet.routing.Filter.doHandle(Filter.java:159) [org.restlet-2.1.2.jar:na]
	at org.restlet.routing.Filter.handle(Filter.java:206) [org.restlet-2.1.2.jar:na]
	at org.restlet.engine.CompositeHelper.handle(CompositeHelper.java:211) [org.restlet-2.1.2.jar:na]
	at org.restlet.engine.application.ApplicationHelper.handle(ApplicationHelper.java:84) [org.restlet-2.1.2.jar:na]
	at org.restlet.Application.handle(Application.java:381) [org.restlet-2.1.2.jar:na]
	at org.restlet.routing.Filter.doHandle(Filter.java:159) [org.restlet-2.1.2.jar:na]
	at org.restlet.routing.Filter.handle(Filter.java:206) [org.restlet-2.1.2.jar:na]
	at org.restlet.routing.Router.doHandle(Router.java:431) [org.restlet-2.1.2.jar:na]
	at org.restlet.routing.Router.handle(Router.java:648) [org.restlet-2.1.2.jar:na]
	at org.restlet.routing.Filter.doHandle(Filter.java:159) [org.restlet-2.1.2.jar:na]
	at org.restlet.routing.Filter.handle(Filter.java:206) [org.restlet-2.1.2.jar:na]
	at org.restlet.routing.Router.doHandle(Router.java:431) [org.restlet-2.1.2.jar:na]
	at org.restlet.routing.Router.handle(Router.java:648) [org.restlet-2.1.2.jar:na]
	at org.restlet.routing.Filter.doHandle(Filter.java:159) [org.restlet-2.1.2.jar:na]
	at org.restlet.engine.application.StatusFilter.doHandle(StatusFilter.java:155) [org.restlet-2.1.2.jar:na]
	at org.restlet.routing.Filter.handle(Filter.java:206) [org.restlet-2.1.2.jar:na]
	at org.restlet.routing.Filter.doHandle(Filter.java:159) [org.restlet-2.1.2.jar:na]
	at org.restlet.routing.Filter.handle(Filter.java:206) [org.restlet-2.1.2.jar:na]
	at org.restlet.engine.CompositeHelper.handle(CompositeHelper.java:211) [org.restlet-2.1.2.jar:na]
	at org.restlet.Component.handle(Component.java:392) [org.restlet-2.1.2.jar:na]
	at org.restlet.Server.handle(Server.java:516) [org.restlet-2.1.2.jar:na]
	at org.restlet.engine.connector.ServerConnectionHelper.handle(ServerConnectionHelper.java:257) [org.restlet-2.1.2.jar:na]
	at org.restlet.engine.connector.ServerConnectionHelper.doHandleInbound(ServerConnectionHelper.java:186) [org.restlet-2.1.2.jar:na]
	at org.restlet.engine.connector.BaseHelper$2.run(BaseHelper.java:593) [org.restlet-2.1.2.jar:na]
	at java.util.concurrent.ThreadPoolExecutor.runWorker(ThreadPoolExecutor.java:1145) [na:1.7.0_45]
	at java.util.concurrent.ThreadPoolExecutor$Worker.run(ThreadPoolExecutor.java:615) [na:1.7.0_45]
	at java.lang.Thread.run(Thread.java:744) [na:1.7.0_45]
22:35:23.787 [Restlet-311917274] ERROR polimi.deib.rsp_service4csparql_server.stream.SingleStreamDataServer - Error while changing status of a stream
java.lang.NullPointerException: null
	at polimi.deib.rsp_service4csparql_server.stream.SingleStreamDataServer.feedStream(SingleStreamDataServer.java:141) ~[rsp-services-csparql-0.3.2.3.jar:na]
	at sun.reflect.NativeMethodAccessorImpl.invoke0(Native Method) ~[na:1.7.0_45]
	at sun.reflect.NativeMethodAccessorImpl.invoke(NativeMethodAccessorImpl.java:57) ~[na:1.7.0_45]
	at sun.reflect.DelegatingMethodAccessorImpl.invoke(DelegatingMethodAccessorImpl.java:43) ~[na:1.7.0_45]
	at java.lang.reflect.Method.invoke(Method.java:606) ~[na:1.7.0_45]
	at org.restlet.resource.ServerResource.doHandle(ServerResource.java:503) [org.restlet-2.1.2.jar:na]
	at org.restlet.resource.ServerResource.doHandle(ServerResource.java:552) [org.restlet-2.1.2.jar:na]
	at org.restlet.resource.ServerResource.post(ServerResource.java:1186) [org.restlet-2.1.2.jar:na]
	at org.restlet.resource.ServerResource.doHandle(ServerResource.java:437) [org.restlet-2.1.2.jar:na]
	at org.restlet.resource.ServerResource.doNegotiatedHandle(ServerResource.java:653) [org.restlet-2.1.2.jar:na]
	at org.restlet.resource.ServerResource.doConditionalHandle(ServerResource.java:348) [org.restlet-2.1.2.jar:na]
	at org.restlet.resource.ServerResource.handle(ServerResource.java:952) [org.restlet-2.1.2.jar:na]
	at org.restlet.resource.Finder.handle(Finder.java:246) [org.restlet-2.1.2.jar:na]
	at org.restlet.routing.Filter.doHandle(Filter.java:159) [org.restlet-2.1.2.jar:na]
	at org.restlet.routing.Filter.handle(Filter.java:206) [org.restlet-2.1.2.jar:na]
	at org.restlet.routing.Router.doHandle(Router.java:431) [org.restlet-2.1.2.jar:na]
	at org.restlet.routing.Router.handle(Router.java:648) [org.restlet-2.1.2.jar:na]
	at org.restlet.routing.Filter.doHandle(Filter.java:159) [org.restlet-2.1.2.jar:na]
	at org.restlet.routing.Filter.handle(Filter.java:206) [org.restlet-2.1.2.jar:na]
	at org.restlet.routing.Filter.doHandle(Filter.java:159) [org.restlet-2.1.2.jar:na]
	at org.restlet.routing.Filter.handle(Filter.java:206) [org.restlet-2.1.2.jar:na]
	at org.restlet.routing.Filter.doHandle(Filter.java:159) [org.restlet-2.1.2.jar:na]
	at org.restlet.engine.application.StatusFilter.doHandle(StatusFilter.java:155) [org.restlet-2.1.2.jar:na]
	at org.restlet.routing.Filter.handle(Filter.java:206) [org.restlet-2.1.2.jar:na]
	at org.restlet.routing.Filter.doHandle(Filter.java:159) [org.restlet-2.1.2.jar:na]
	at org.restlet.routing.Filter.handle(Filter.java:206) [org.restlet-2.1.2.jar:na]
	at org.restlet.engine.CompositeHelper.handle(CompositeHelper.java:211) [org.restlet-2.1.2.jar:na]
	at org.restlet.engine.application.ApplicationHelper.handle(ApplicationHelper.java:84) [org.restlet-2.1.2.jar:na]
	at org.restlet.Application.handle(Application.java:381) [org.restlet-2.1.2.jar:na]
	at org.restlet.routing.Filter.doHandle(Filter.java:159) [org.restlet-2.1.2.jar:na]
	at org.restlet.routing.Filter.handle(Filter.java:206) [org.restlet-2.1.2.jar:na]
	at org.restlet.routing.Router.doHandle(Router.java:431) [org.restlet-2.1.2.jar:na]
	at org.restlet.routing.Router.handle(Router.java:648) [org.restlet-2.1.2.jar:na]
	at org.restlet.routing.Filter.doHandle(Filter.java:159) [org.restlet-2.1.2.jar:na]
	at org.restlet.routing.Filter.handle(Filter.java:206) [org.restlet-2.1.2.jar:na]
	at org.restlet.routing.Router.doHandle(Router.java:431) [org.restlet-2.1.2.jar:na]
	at org.restlet.routing.Router.handle(Router.java:648) [org.restlet-2.1.2.jar:na]
	at org.restlet.routing.Filter.doHandle(Filter.java:159) [org.restlet-2.1.2.jar:na]
	at org.restlet.engine.application.StatusFilter.doHandle(StatusFilter.java:155) [org.restlet-2.1.2.jar:na]
	at org.restlet.routing.Filter.handle(Filter.java:206) [org.restlet-2.1.2.jar:na]
	at org.restlet.routing.Filter.doHandle(Filter.java:159) [org.restlet-2.1.2.jar:na]
	at org.restlet.routing.Filter.handle(Filter.java:206) [org.restlet-2.1.2.jar:na]
	at org.restlet.engine.CompositeHelper.handle(CompositeHelper.java:211) [org.restlet-2.1.2.jar:na]
	at org.restlet.Component.handle(Component.java:392) [org.restlet-2.1.2.jar:na]
	at org.restlet.Server.handle(Server.java:516) [org.restlet-2.1.2.jar:na]
	at org.restlet.engine.connector.ServerConnectionHelper.handle(ServerConnectionHelper.java:257) [org.restlet-2.1.2.jar:na]
	at org.restlet.engine.connector.ServerConnectionHelper.doHandleInbound(ServerConnectionHelper.java:186) [org.restlet-2.1.2.jar:na]
	at org.restlet.engine.connector.BaseHelper$2.run(BaseHelper.java:593) [org.restlet-2.1.2.jar:na]
	at java.util.concurrent.ThreadPoolExecutor.runWorker(ThreadPoolExecutor.java:1145) [na:1.7.0_45]
	at java.util.concurrent.ThreadPoolExecutor$Worker.run(ThreadPoolExecutor.java:615) [na:1.7.0_45]
	at java.lang.Thread.run(Thread.java:744) [na:1.7.0_45]
